<?xml version="1.0" encoding="UTF-8"?>
<testng-results ignored="0" total="5" passed="4" failed="1" skipped="0">
  <reporter-output>
  </reporter-output>
  <suite started-at="2020-05-11T22:58:47 IST" name="Suite" finished-at="2020-05-11T23:01:14 IST" duration-ms="146736">
    <groups>
    </groups>
    <test started-at="2020-05-11T22:58:47 IST" name="validating navigation bar" finished-at="2020-05-11T22:59:23 IST" duration-ms="36021">
      <class name="Academy.validationnavigationbar">
        <test-method is-config="true" signature="initialize()[pri:0, instance:Academy.validationnavigationbar@51972dc7]" started-at="2020-05-11T22:58:47 IST" name="initialize" finished-at="2020-05-11T22:59:20 IST" duration-ms="32846" status="PASS">
          <reporter-output>
          </reporter-output>
        </test-method> <!-- initialize -->
        <test-method signature="validatingnavigationbar()[pri:0, instance:Academy.validationnavigationbar@51972dc7]" started-at="2020-05-11T22:59:20 IST" name="validatingnavigationbar" finished-at="2020-05-11T22:59:22 IST" duration-ms="1587" status="PASS">
          <reporter-output>
          </reporter-output>
        </test-method> <!-- validatingnavigationbar -->
        <test-method is-config="true" signature="tearDown()[pri:0, instance:Academy.validationnavigationbar@51972dc7]" started-at="2020-05-11T22:59:22 IST" name="tearDown" finished-at="2020-05-11T22:59:23 IST" duration-ms="1442" status="PASS">
          <reporter-output>
          </reporter-output>
        </test-method> <!-- tearDown -->
      </class> <!-- Academy.validationnavigationbar -->
    </test> <!-- validating navigation bar -->
    <test started-at="2020-05-11T22:59:26 IST" name="validating text message" finished-at="2020-05-11T22:59:47 IST" duration-ms="21036">
      <class name="Academy.validation">
        <test-method is-config="true" signature="initialize()[pri:0, instance:Academy.validation@4aa83f4f]" started-at="2020-05-11T22:59:26 IST" name="initialize" finished-at="2020-05-11T22:59:44 IST" duration-ms="18286" status="PASS">
          <reporter-output>
          </reporter-output>
        </test-method> <!-- initialize -->
        <test-method signature="validatingAppTest()[pri:0, instance:Academy.validation@4aa83f4f]" started-at="2020-05-11T22:59:44 IST" name="validatingAppTest" finished-at="2020-05-11T22:59:44 IST" duration-ms="267" status="FAIL">
          <exception class="java.lang.AssertionError">
            <message>
              <![CDATA[expected [FEATURED COURSES1] but found [FEATURED COURSES]]]>
            </message>
            <full-stacktrace>
              <![CDATA[java.lang.AssertionError: expected [FEATURED COURSES1] but found [FEATURED COURSES]
at org.testng.Assert.fail(Assert.java:97)
at org.testng.Assert.assertEqualsImpl(Assert.java:136)
at org.testng.Assert.assertEquals(Assert.java:118)
at org.testng.Assert.assertEquals(Assert.java:575)
at org.testng.Assert.assertEquals(Assert.java:585)
at Academy.validation.validatingAppTest(validation.java:35)
at java.base/jdk.internal.reflect.NativeMethodAccessorImpl.invoke0(Native Method)
at java.base/jdk.internal.reflect.NativeMethodAccessorImpl.invoke(NativeMethodAccessorImpl.java:62)
at java.base/jdk.internal.reflect.DelegatingMethodAccessorImpl.invoke(DelegatingMethodAccessorImpl.java:43)
at java.base/java.lang.reflect.Method.invoke(Method.java:567)
at org.testng.internal.MethodInvocationHelper.invokeMethod(MethodInvocationHelper.java:134)
at org.testng.internal.TestInvoker.invokeMethod(TestInvoker.java:597)
at org.testng.internal.TestInvoker.invokeTestMethod(TestInvoker.java:173)
at org.testng.internal.MethodRunner.runInSequence(MethodRunner.java:46)
at org.testng.internal.TestInvoker$MethodInvocationAgent.invoke(TestInvoker.java:816)
at org.testng.internal.TestInvoker.invokeTestMethods(TestInvoker.java:146)
at org.testng.internal.TestMethodWorker.invokeTestMethods(TestMethodWorker.java:146)
at org.testng.internal.TestMethodWorker.run(TestMethodWorker.java:128)
at java.base/java.util.ArrayList.forEach(ArrayList.java:1507)
at org.testng.TestRunner.privateRun(TestRunner.java:766)
at org.testng.TestRunner.run(TestRunner.java:587)
at org.testng.SuiteRunner.runTest(SuiteRunner.java:384)
at org.testng.SuiteRunner.runSequentially(SuiteRunner.java:378)
at org.testng.SuiteRunner.privateRun(SuiteRunner.java:337)
at org.testng.SuiteRunner.run(SuiteRunner.java:286)
at org.testng.SuiteRunnerWorker.runSuite(SuiteRunnerWorker.java:53)
at org.testng.SuiteRunnerWorker.run(SuiteRunnerWorker.java:96)
at org.testng.TestNG.runSuitesSequentially(TestNG.java:1187)
at org.testng.TestNG.runSuitesLocally(TestNG.java:1109)
at org.testng.TestNG.runSuites(TestNG.java:1039)
at org.testng.TestNG.run(TestNG.java:1007)
at org.apache.maven.surefire.testng.TestNGExecutor.run(TestNGExecutor.java:283)
at org.apache.maven.surefire.testng.TestNGXmlTestSuite.execute(TestNGXmlTestSuite.java:75)
at org.apache.maven.surefire.testng.TestNGProvider.invoke(TestNGProvider.java:120)
at org.apache.maven.surefire.booter.ForkedBooter.invokeProviderInSameClassLoader(ForkedBooter.java:384)
at org.apache.maven.surefire.booter.ForkedBooter.runSuitesInProcess(ForkedBooter.java:345)
at org.apache.maven.surefire.booter.ForkedBooter.execute(ForkedBooter.java:126)
at org.apache.maven.surefire.booter.ForkedBooter.main(ForkedBooter.java:418)
]]>
            </full-stacktrace>
          </exception> <!-- java.lang.AssertionError -->
          <reporter-output>
          </reporter-output>
        </test-method> <!-- validatingAppTest -->
        <test-method signature="validatingHeader()[pri:0, instance:Academy.validation@4aa83f4f]" started-at="2020-05-11T22:59:45 IST" name="validatingHeader" finished-at="2020-05-11T22:59:46 IST" duration-ms="622" status="PASS">
          <reporter-output>
          </reporter-output>
        </test-method> <!-- validatingHeader -->
        <test-method is-config="true" signature="tearDown()[pri:0, instance:Academy.validation@4aa83f4f]" started-at="2020-05-11T22:59:46 IST" name="tearDown" finished-at="2020-05-11T22:59:47 IST" duration-ms="737" status="PASS">
          <reporter-output>
          </reporter-output>
        </test-method> <!-- tearDown -->
      </class> <!-- Academy.validation -->
    </test> <!-- validating text message -->
    <test started-at="2020-05-11T22:59:47 IST" name="validating login " finished-at="2020-05-11T23:01:14 IST" duration-ms="87171">
      <class name="Academy.Homepage">
        <test-method is-config="true" signature="initialize()[pri:0, instance:Academy.Homepage@23bff419]" started-at="2020-05-11T22:59:47 IST" name="initialize" finished-at="2020-05-11T22:59:50 IST" duration-ms="3467" status="PASS">
          <reporter-output>
          </reporter-output>
        </test-method> <!-- initialize -->
        <test-method signature="landingpagevalidation(java.lang.String, java.lang.String)[pri:0, instance:Academy.Homepage@23bff419]" started-at="2020-05-11T22:59:50 IST" name="landingpagevalidation" data-provider="getData" finished-at="2020-05-11T23:00:40 IST" duration-ms="49675" status="PASS">
          <params>
            <param index="0">
              <value>
                <![CDATA[nonrestricteduser@qa.com]]>
              </value>
            </param>
            <param index="1">
              <value>
                <![CDATA[123456789]]>
              </value>
            </param>
          </params>
          <reporter-output>
          </reporter-output>
        </test-method> <!-- landingpagevalidation -->
        <test-method signature="landingpagevalidation(java.lang.String, java.lang.String)[pri:0, instance:Academy.Homepage@23bff419]" started-at="2020-05-11T23:00:40 IST" name="landingpagevalidation" data-provider="getData" finished-at="2020-05-11T23:01:11 IST" duration-ms="31310" status="PASS">
          <params>
            <param index="0">
              <value>
                <![CDATA[restricteduser@qa.com]]>
              </value>
            </param>
            <param index="1">
              <value>
                <![CDATA[123456789]]>
              </value>
            </param>
          </params>
          <reporter-output>
          </reporter-output>
        </test-method> <!-- landingpagevalidation -->
        <test-method is-config="true" signature="tearDown()[pri:0, instance:Academy.Homepage@23bff419]" started-at="2020-05-11T23:01:11 IST" name="tearDown" finished-at="2020-05-11T23:01:14 IST" duration-ms="2700" status="PASS">
          <reporter-output>
          </reporter-output>
        </test-method> <!-- tearDown -->
      </class> <!-- Academy.Homepage -->
    </test> <!-- validating login  -->
  </suite> <!-- Suite -->
</testng-results>
